2022-07-25 16:18:06.157  INFO 1028 --- [main] c.s.service.gateway.GatewayApplication   : No active profile set, falling back to default profiles: default
2022-07-25 16:18:07.104  WARN 1028 --- [main] o.s.boot.actuate.endpoint.EndpointId     : Endpoint ID 'nacos-discovery' contains invalid characters, please migrate to a valid format.
2022-07-25 16:18:07.341  INFO 1028 --- [main] .s.d.r.c.RepositoryConfigurationDelegate : Multiple Spring Data modules found, entering strict repository configuration mode!
2022-07-25 16:18:07.345  INFO 1028 --- [main] .s.d.r.c.RepositoryConfigurationDelegate : Bootstrapping Spring Data Redis repositories in DEFAULT mode.
2022-07-25 16:18:07.385  INFO 1028 --- [main] .s.d.r.c.RepositoryConfigurationDelegate : Finished Spring Data repository scanning in 18ms. Found 0 Redis repository interfaces.
2022-07-25 16:18:07.468  WARN 1028 --- [main] o.s.boot.actuate.endpoint.EndpointId     : Endpoint ID 'service-registry' contains invalid characters, please migrate to a valid format.
2022-07-25 16:18:07.619  INFO 1028 --- [main] o.s.cloud.context.scope.GenericScope     : BeanFactory id=73a686c6-2ccb-3d87-a989-7c60707b7145
2022-07-25 16:18:07.717  INFO 1028 --- [main] trationDelegate$BeanPostProcessorChecker : Bean 'org.springframework.cloud.client.loadbalancer.reactive.LoadBalancerBeanPostProcessorAutoConfiguration' of type [org.springframework.cloud.client.loadbalancer.reactive.LoadBalancerBeanPostProcessorAutoConfiguration] is not eligible for getting processed by all BeanPostProcessors (for example: not eligible for auto-proxying)
2022-07-25 16:18:07.719  INFO 1028 --- [main] trationDelegate$BeanPostProcessorChecker : Bean 'org.springframework.cloud.client.loadbalancer.reactive.LoadBalancerBeanPostProcessorAutoConfiguration$ReactiveLoadBalancerConfig' of type [org.springframework.cloud.client.loadbalancer.reactive.LoadBalancerBeanPostProcessorAutoConfiguration$ReactiveLoadBalancerConfig] is not eligible for getting processed by all BeanPostProcessors (for example: not eligible for auto-proxying)
2022-07-25 16:18:07.720  INFO 1028 --- [main] trationDelegate$BeanPostProcessorChecker : Bean 'deferringLoadBalancerExchangeFilterFunction' of type [org.springframework.cloud.client.loadbalancer.reactive.DeferringLoadBalancerExchangeFilterFunction] is not eligible for getting processed by all BeanPostProcessors (for example: not eligible for auto-proxying)
2022-07-25 16:18:07.902  WARN 1028 --- [main] c.n.c.sources.URLConfigurationSource     : No URLs will be polled as dynamic configuration sources.
2022-07-25 16:18:07.902  INFO 1028 --- [main] c.n.c.sources.URLConfigurationSource     : To enable URLs as dynamic configuration sources, define System property archaius.configurationSource.additionalUrls or make config.properties available on classpath.
2022-07-25 16:18:07.908  WARN 1028 --- [main] c.n.c.sources.URLConfigurationSource     : No URLs will be polled as dynamic configuration sources.
2022-07-25 16:18:07.908  INFO 1028 --- [main] c.n.c.sources.URLConfigurationSource     : To enable URLs as dynamic configuration sources, define System property archaius.configurationSource.additionalUrls or make config.properties available on classpath.
2022-07-25 16:18:09.571  INFO 1028 --- [main] o.s.cloud.commons.util.InetUtils         : Cannot determine local hostname
2022-07-25 16:18:11.186  INFO 1028 --- [main] o.s.cloud.commons.util.InetUtils         : Cannot determine local hostname
2022-07-25 16:18:12.859  INFO 1028 --- [main] o.s.cloud.commons.util.InetUtils         : Cannot determine local hostname
2022-07-25 16:18:14.882  INFO 1028 --- [main] o.s.c.g.r.RouteDefinitionRouteLocator    : Loaded RoutePredicateFactory [After]
2022-07-25 16:18:14.884  INFO 1028 --- [main] o.s.c.g.r.RouteDefinitionRouteLocator    : Loaded RoutePredicateFactory [Before]
2022-07-25 16:18:14.884  INFO 1028 --- [main] o.s.c.g.r.RouteDefinitionRouteLocator    : Loaded RoutePredicateFactory [Between]
2022-07-25 16:18:14.884  INFO 1028 --- [main] o.s.c.g.r.RouteDefinitionRouteLocator    : Loaded RoutePredicateFactory [Cookie]
2022-07-25 16:18:14.885  INFO 1028 --- [main] o.s.c.g.r.RouteDefinitionRouteLocator    : Loaded RoutePredicateFactory [Header]
2022-07-25 16:18:14.885  INFO 1028 --- [main] o.s.c.g.r.RouteDefinitionRouteLocator    : Loaded RoutePredicateFactory [Host]
2022-07-25 16:18:14.885  INFO 1028 --- [main] o.s.c.g.r.RouteDefinitionRouteLocator    : Loaded RoutePredicateFactory [Method]
2022-07-25 16:18:14.885  INFO 1028 --- [main] o.s.c.g.r.RouteDefinitionRouteLocator    : Loaded RoutePredicateFactory [Path]
2022-07-25 16:18:14.886  INFO 1028 --- [main] o.s.c.g.r.RouteDefinitionRouteLocator    : Loaded RoutePredicateFactory [Query]
2022-07-25 16:18:14.886  INFO 1028 --- [main] o.s.c.g.r.RouteDefinitionRouteLocator    : Loaded RoutePredicateFactory [ReadBody]
2022-07-25 16:18:14.886  INFO 1028 --- [main] o.s.c.g.r.RouteDefinitionRouteLocator    : Loaded RoutePredicateFactory [RemoteAddr]
2022-07-25 16:18:14.886  INFO 1028 --- [main] o.s.c.g.r.RouteDefinitionRouteLocator    : Loaded RoutePredicateFactory [Weight]
2022-07-25 16:18:14.887  INFO 1028 --- [main] o.s.c.g.r.RouteDefinitionRouteLocator    : Loaded RoutePredicateFactory [CloudFoundryRouteService]
2022-07-25 16:18:15.459  INFO 1028 --- [main] o.s.b.a.e.web.EndpointLinksResolver      : Exposing 20 endpoint(s) beneath base path '/actuator'
2022-07-25 16:18:15.785  INFO 1028 --- [main] o.s.s.c.ThreadPoolTaskScheduler          : Initializing ExecutorService
2022-07-25 16:18:17.565  INFO 1028 --- [main] o.s.cloud.commons.util.InetUtils         : Cannot determine local hostname
2022-07-25 16:18:18.471  INFO 1028 --- [main] o.s.b.web.embedded.netty.NettyWebServer  : Netty started on port(s): 8083
2022-07-25 16:18:18.490  INFO 1028 --- [main] c.a.c.n.registry.NacosServiceRegistry    : nacos registry, DEFAULT_GROUP gateway-service 169.254.80.27:8083 register finished
2022-07-25 16:18:20.159  INFO 1028 --- [main] o.s.cloud.commons.util.InetUtils         : Cannot determine local hostname
2022-07-25 16:18:21.664  INFO 1028 --- [main] o.s.cloud.commons.util.InetUtils         : Cannot determine local hostname
2022-07-25 16:18:21.688  INFO 1028 --- [main] c.s.service.gateway.GatewayApplication   : Started GatewayApplication in 19.772 seconds (JVM running for 21.185)
2022-07-25 16:18:21.994  INFO 1028 --- [registrationTask1] d.c.b.a.c.r.ApplicationRegistrator       : Application registered itself as 6bc0f1bac7e6
